***Info*** Key generation successful
***Info*** Client hash id: 950b17d8d93b88c30d2fd50b7226e9dedeeec2957b41ac3a1072bc5b46f07419
***Info*** Connection initialized
***Info*** Listener Established
***Info*** Binded on port 1024
***Info*** P2P service initialized at port 1024
***Info*** Client registered at relay server
***Info*** Key generation successful
***Info*** Client hash id: 0fde33a576cb135c24bdf40a998a81c4660f96a1aba5d8e67c92171f668ad147
***Info*** Connection initialized
***Info*** Listener Established
***Info*** Binded on port 1024
***Info*** P2P service initialized at port 1024
***Info*** Client registered at relay server
***Info*** Key generation successful
***Info*** Client hash id: 9fb36419c47f82d7490fdbda31e823301c82ee6a2f92ba666f3447a31a335ff0
***Info*** Connection initialized
***Info*** Listener Established
***Info*** Binded on port 1024
***Info*** P2P service initialized at port 1024
***Info*** Client registered at relay server
***Info*** Key generation successful
***Info*** Client hash id: eaf33045e57d2df1008c26deb9b240076da67d166cb11aca6598e00bd4e0ff0c
***Info*** Connection initialized
***Info*** Listener Established
***Info*** Binded on port 1024
***Info*** P2P service initialized at port 1024
***Info*** Client registered at relay server
***Info*** flag1***Info*** flag2***Info*** Key generation successful
***Info*** Client hash id: af260006dfb38a2af1f5aa47e64bc0feb1fb1eeee30320cb149181afdc0e8f95
***Info*** Connection initialized
***Info*** Listener Established
***Info*** Binded on port 1024
***Info*** P2P service initialized at port 1024
***Info*** Client registered at relay server
***Info*** Key generation successful
***Info*** Client hash id: 2249e2af8575f3f2b01933ab5d85f61dc8d73a1be7ec922a5c1cd3f1aa3f1677
***Info*** Connection initialized
***Info*** Listener Established
***Info*** Binded on port 1024
***Info*** P2P service initialized at port 1024
***Info*** Client registered at relay server
***Info*** Key generation successful
***Info*** Client hash id: 8e882af969e218f7431a101befb1f6b6f3be56aadac02b9f219cc5047a6aa0eb
***Info*** Connection initialized
***Info*** Listener Established
***Info*** Binded on port 1024
***Info*** P2P service initialized at port 1024
***Info*** Client registered at relay server
***Info*** Key generation successful
***Info*** Client hash id: bb73b19fdd4cd21756317c7df67143fed349b3577b491192c9f1adf56faa6267
***Info*** Connection initialized
***Info*** Listener Established
***Info*** Binded on port 1024
***Info*** P2P service initialized at port 1024
***Info*** Client registered at relay server
***Info*** 0***Info*** Key generation successful
***Info*** Client hash id: 59878d0ba15f6cfd0329b4bb084eb82132fb0f610dde396fcfb41b0d0a344c1d
***Info*** Connection initialized
***Info*** Listener Established
***Info*** Binded on port 1024
***Info*** P2P service initialized at port 1024
***Info*** Client registered at relay server
***Info*** Key generation successful
***Info*** Client hash id: 19b69c3f796dc7b40a635f870f5dbf3cd2f077d47de621eff7dc11518a3979b4
***Info*** Connection initialized
***Info*** Listener Established
***Info*** Binded on port 1024
***Info*** P2P service initialized at port 1024
***Info*** Client registered at relay server
***Info*** Key generation successful
***Info*** Client hash id: 7cda753ff4d920b09aa38d6bc6b99fed13741b19964f601459c784bf3e137cb8
***Info*** Connection initialized
***Info*** Listener Established
***Info*** Binded on port 1024
***Info*** P2P service initialized at port 1024
***Info*** Client registered at relay server
***Info*** Key generation successful
***Info*** Client hash id: b86efd470be156f06b125e17f195a875f1b7ddb1190bc694dbdfc607a3ca7f7e
***Info*** Connection initialized
***Info*** Listener Established
***Info*** Binded on port 1024
***Info*** P2P service initialized at port 1024
***Info*** Client registered at relay server
